<?xml version="1.0" encoding="UTF-8"?>
<testng-results ignored="0" total="1" passed="1" failed="0" skipped="0">
  <reporter-output>
  </reporter-output>
  <suite started-at="2022-09-08T15:58:02 COT" name="Suite" finished-at="2022-09-08T15:59:52 COT" duration-ms="109749">
    <groups>
    </groups>
    <test started-at="2022-09-08T15:58:02 COT" name="Test" finished-at="2022-09-08T15:59:52 COT" duration-ms="109749">
      <class name="com.testNG.RunTestNG">
        <test-method is-config="true" signature="beforeClass(java.lang.String, java.lang.String, java.lang.String)[pri:0, instance:com.testNG.RunTestNG@5e316c74]" started-at="2022-09-08T15:58:03 COT" name="beforeClass" finished-at="2022-09-08T15:58:04 COT" duration-ms="1316" status="PASS">
          <params>
            <param index="0">
              <value>
                <![CDATA[https://opensource-demo.orangehrmlive.com/web/index.php/auth/login]]>
              </value>
            </param>
            <param index="1">
              <value>
                <![CDATA[./imagenes/logo_sqa.png]]>
              </value>
            </param>
            <param index="2">
              <value>
                <![CDATA[./output/]]>
              </value>
            </param>
          </params>
          <reporter-output>
          </reporter-output>
        </test-method> <!-- beforeClass -->
        <test-method signature="pruebaInicialTestNG(java.lang.String, java.lang.String, java.lang.String, java.lang.String, java.lang.String, java.lang.String, java.lang.String, java.lang.String, java.lang.String, java.lang.String, java.lang.String, java.lang.String, java.lang.String, java.lang.String, java.lang.String, java.lang.String, java.lang.String, java.lang.String, java.lang.String)[pri:0, instance:com.testNG.RunTestNG@5e316c74]" started-at="2022-09-08T15:58:04 COT" name="pruebaInicialTestNG" description="acceso a OrangeHRM" data-provider="busqueda" finished-at="2022-09-08T15:59:52 COT" duration-ms="107696" status="PASS">
          <params>
            <param index="0">
              <value>
                <![CDATA[Si]]>
              </value>
            </param>
            <param index="1">
              <value>
                <![CDATA[Si]]>
              </value>
            </param>
            <param index="2">
              <value>
                <![CDATA[Admin]]>
              </value>
            </param>
            <param index="3">
              <value>
                <![CDATA[admin123]]>
              </value>
            </param>
            <param index="4">
              <value>
                <![CDATA[Cristian]]>
              </value>
            </param>
            <param index="5">
              <value>
                <![CDATA[Manuel]]>
              </value>
            </param>
            <param index="6">
              <value>
                <![CDATA[Ramos]]>
              </value>
            </param>
            <param index="7">
              <value>
                <![CDATA[011264]]>
              </value>
            </param>
            <param index="8">
              <value>
                <![CDATA[Cramos]]>
              </value>
            </param>
            <param index="9">
              <value>
                <![CDATA[011345]]>
              </value>
            </param>
            <param index="10">
              <value>
                <![CDATA[406578]]>
              </value>
            </param>
            <param index="11">
              <value>
                <![CDATA[2023-07-01]]>
              </value>
            </param>
            <param index="12">
              <value>
                <![CDATA[407631]]>
              </value>
            </param>
            <param index="13">
              <value>
                <![CDATA[12345]]>
              </value>
            </param>
            <param index="14">
              <value>
                <![CDATA[Colombian]]>
              </value>
            </param>
            <param index="15">
              <value>
                <![CDATA[Single]]>
              </value>
            </param>
            <param index="16">
              <value>
                <![CDATA[1994-07-13]]>
              </value>
            </param>
            <param index="17">
              <value>
                <![CDATA[1022345678]]>
              </value>
            </param>
            <param index="18">
              <value>
                <![CDATA[Cristian Manuel Ramos]]>
              </value>
            </param>
          </params>
          <reporter-output>
          </reporter-output>
        </test-method> <!-- pruebaInicialTestNG -->
        <test-method is-config="true" signature="afterClass()[pri:0, instance:com.testNG.RunTestNG@5e316c74]" started-at="2022-09-08T15:59:52 COT" name="afterClass" finished-at="2022-09-08T15:59:52 COT" duration-ms="169" status="PASS">
          <reporter-output>
          </reporter-output>
        </test-method> <!-- afterClass -->
      </class> <!-- com.testNG.RunTestNG -->
    </test> <!-- Test -->
  </suite> <!-- Suite -->
</testng-results>
